<?xml version="1.0" encoding="UTF-8"?>
<coverage generated="1721418836058" clover="3.2.0">
  <project timestamp="1721418836058" name="All files">
    <metrics statements="31" coveredstatements="31" conditionals="4" coveredconditionals="3" methods="7" coveredmethods="7" elements="42" coveredelements="41" complexity="0" loc="31" ncloc="31" packages="1" files="2" classes="2"/>
    <file name="History.js" path="C:\Users\ryand\OneDrive\Documents\GitHub\Software-Design\Test (Jest)\History.js">
      <metrics statements="20" coveredstatements="20" conditionals="2" coveredconditionals="1" methods="4" coveredmethods="4"/>
      <line num="2" count="1" type="stmt"/>
      <line num="3" count="1" type="stmt"/>
      <line num="5" count="1" type="stmt"/>
      <line num="6" count="2" type="stmt"/>
      <line num="7" count="2" type="stmt"/>
      <line num="16" count="1" type="stmt"/>
      <line num="21" count="4" type="stmt"/>
      <line num="22" count="4" type="stmt"/>
      <line num="23" count="4" type="stmt"/>
      <line num="25" count="4" type="stmt"/>
      <line num="33" count="4" type="stmt"/>
      <line num="38" count="1" type="stmt"/>
      <line num="40" count="1" type="cond" truecount="1" falsecount="1"/>
      <line num="41" count="1" type="stmt"/>
      <line num="42" count="1" type="stmt"/>
      <line num="43" count="1" type="stmt"/>
      <line num="44" count="1" type="stmt"/>
      <line num="45" count="1" type="stmt"/>
      <line num="46" count="1" type="stmt"/>
      <line num="51" count="1" type="stmt"/>
    </file>
    <file name="Matching.js" path="C:\Users\ryand\OneDrive\Documents\GitHub\Software-Design\Test (Jest)\Matching.js">
      <metrics statements="11" coveredstatements="11" conditionals="2" coveredconditionals="2" methods="3" coveredmethods="3"/>
      <line num="1" count="1" type="stmt"/>
      <line num="6" count="1" type="stmt"/>
      <line num="14" count="3" type="stmt"/>
      <line num="15" count="3" type="stmt"/>
      <line num="17" count="3" type="stmt"/>
      <line num="18" count="18" type="stmt"/>
      <line num="21" count="9" type="cond" truecount="2" falsecount="0"/>
      <line num="22" count="2" type="stmt"/>
      <line num="23" count="2" type="stmt"/>
      <line num="27" count="3" type="stmt"/>
      <line num="30" count="1" type="stmt"/>
    </file>
  </project>
</coverage>
