{"C:\\Users\\ryand\\OneDrive\\Documents\\GitHub\\Software-Design\\TestJS\\History.js": {"path":"C:\\Users\\ryand\\OneDrive\\Documents\\GitHub\\Software-Design\\TestJS\\History.js","statementMap":{"0":{"start":{"line":5,"column":20},"end":{"line":5,"column":22}},"1":{"start":{"line":6,"column":17},"end":{"line":6,"column":79}},"2":{"start":{"line":8,"column":4},"end":{"line":17,"column":7}},"3":{"start":{"line":9,"column":22},"end":{"line":9,"column":51}},"4":{"start":{"line":10,"column":8},"end":{"line":16,"column":11}},"5":{"start":{"line":19,"column":4},"end":{"line":19,"column":19}},"6":{"start":{"line":24,"column":22},"end":{"line":24,"column":78}},"7":{"start":{"line":25,"column":21},"end":{"line":25,"column":46}},"8":{"start":{"line":26,"column":19},"end":{"line":26,"column":47}},"9":{"start":{"line":28,"column":4},"end":{"line":34,"column":6}},"10":{"start":{"line":36,"column":4},"end":{"line":36,"column":34}},"11":{"start":{"line":41,"column":16},"end":{"line":41,"column":95}},"12":{"start":{"line":43,"column":4},"end":{"line":50,"column":5}},"13":{"start":{"line":44,"column":22},"end":{"line":44,"column":51}},"14":{"start":{"line":45,"column":8},"end":{"line":45,"column":35}},"15":{"start":{"line":46,"column":8},"end":{"line":46,"column":30}},"16":{"start":{"line":47,"column":8},"end":{"line":47,"column":34}},"17":{"start":{"line":48,"column":8},"end":{"line":48,"column":37}},"18":{"start":{"line":49,"column":8},"end":{"line":49,"column":32}},"19":{"start":{"line":54,"column":0},"end":{"line":54,"column":82}}},"fnMap":{"0":{"name":"getVolunteerHistory","decl":{"start":{"line":4,"column":9},"end":{"line":4,"column":28}},"loc":{"start":{"line":4,"column":31},"end":{"line":20,"column":1}},"line":4},"1":{"name":"(anonymous_1)","decl":{"start":{"line":8,"column":17},"end":{"line":8,"column":18}},"loc":{"start":{"line":8,"column":24},"end":{"line":17,"column":5}},"line":8},"2":{"name":"addVolunteerEntry","decl":{"start":{"line":23,"column":9},"end":{"line":23,"column":26}},"loc":{"start":{"line":23,"column":75},"end":{"line":37,"column":1}},"line":23},"3":{"name":"updateVolunteerEntry","decl":{"start":{"line":40,"column":9},"end":{"line":40,"column":29}},"loc":{"start":{"line":40,"column":85},"end":{"line":51,"column":1}},"line":40}},"branchMap":{"0":{"loc":{"start":{"line":43,"column":4},"end":{"line":50,"column":5}},"type":"if","locations":[{"start":{"line":43,"column":4},"end":{"line":50,"column":5}},{"start":{},"end":{}}],"line":43}},"s":{"0":1,"1":1,"2":1,"3":2,"4":2,"5":1,"6":4,"7":4,"8":4,"9":4,"10":4,"11":1,"12":1,"13":1,"14":1,"15":1,"16":1,"17":1,"18":1,"19":1},"f":{"0":1,"1":2,"2":4,"3":1},"b":{"0":[1,0]},"_coverageSchema":"1a1c01bbd47fc00a2c39e90264f33305004495a9","hash":"4b2789d76aa5f6474341fa8e3eadcfad5c653277"}
,"C:\\Users\\ryand\\OneDrive\\Documents\\GitHub\\Software-Design\\TestJS\\Matching.js": {"path":"C:\\Users\\ryand\\OneDrive\\Documents\\GitHub\\Software-Design\\TestJS\\Matching.js","statementMap":{"0":{"start":{"line":1,"column":19},"end":{"line":4,"column":1}},"1":{"start":{"line":6,"column":15},"end":{"line":10,"column":1}},"2":{"start":{"line":14,"column":20},"end":{"line":14,"column":24}},"3":{"start":{"line":15,"column":27},"end":{"line":15,"column":28}},"4":{"start":{"line":17,"column":4},"end":{"line":25,"column":7}},"5":{"start":{"line":18,"column":30},"end":{"line":18,"column":107}},"6":{"start":{"line":18,"column":67},"end":{"line":18,"column":99}},"7":{"start":{"line":21,"column":8},"end":{"line":24,"column":9}},"8":{"start":{"line":22,"column":12},"end":{"line":22,"column":45}},"9":{"start":{"line":23,"column":12},"end":{"line":23,"column":30}},"10":{"start":{"line":27,"column":4},"end":{"line":27,"column":21}},"11":{"start":{"line":30,"column":0},"end":{"line":30,"column":55}}},"fnMap":{"0":{"name":"findBestMatch","decl":{"start":{"line":13,"column":9},"end":{"line":13,"column":22}},"loc":{"start":{"line":13,"column":34},"end":{"line":28,"column":1}},"line":13},"1":{"name":"(anonymous_1)","decl":{"start":{"line":17,"column":19},"end":{"line":17,"column":20}},"loc":{"start":{"line":17,"column":28},"end":{"line":25,"column":5}},"line":17},"2":{"name":"(anonymous_2)","decl":{"start":{"line":18,"column":58},"end":{"line":18,"column":59}},"loc":{"start":{"line":18,"column":67},"end":{"line":18,"column":99}},"line":18}},"branchMap":{"0":{"loc":{"start":{"line":21,"column":8},"end":{"line":24,"column":9}},"type":"if","locations":[{"start":{"line":21,"column":8},"end":{"line":24,"column":9}},{"start":{},"end":{}}],"line":21}},"s":{"0":1,"1":1,"2":3,"3":3,"4":3,"5":9,"6":18,"7":9,"8":2,"9":2,"10":3,"11":1},"f":{"0":3,"1":9,"2":18},"b":{"0":[2,7]},"_coverageSchema":"1a1c01bbd47fc00a2c39e90264f33305004495a9","hash":"75792ea732ee13bb1e5f6f47785778a6ed1b69c1"}
}
