TN:
SF:TestJS\History.js
FN:4,getVolunteerHistory
FN:8,(anonymous_1)
FN:23,addVolunteerEntry
FN:40,updateVolunteerEntry
FNF:4
FNH:4
FNDA:1,getVolunteerHistory
FNDA:2,(anonymous_1)
FNDA:4,addVolunteerEntry
FNDA:1,updateVolunteerEntry
DA:5,1
DA:6,1
DA:8,1
DA:9,2
DA:10,2
DA:19,1
DA:24,4
DA:25,4
DA:26,4
DA:28,4
DA:36,4
DA:41,1
DA:43,1
DA:44,1
DA:45,1
DA:46,1
DA:47,1
DA:48,1
DA:49,1
DA:54,1
LF:20
LH:20
BRDA:43,0,0,1
BRDA:43,0,1,0
BRF:2
BRH:1
end_of_record
TN:
SF:TestJS\Matching.js
FN:13,findBestMatch
FN:17,(anonymous_1)
FN:18,(anonymous_2)
FNF:3
FNH:3
FNDA:3,findBestMatch
FNDA:9,(anonymous_1)
FNDA:18,(anonymous_2)
DA:1,1
DA:6,1
DA:14,3
DA:15,3
DA:17,3
DA:18,18
DA:21,9
DA:22,2
DA:23,2
DA:27,3
DA:30,1
LF:11
LH:11
BRDA:21,0,0,2
BRDA:21,0,1,7
BRF:2
BRH:2
end_of_record
