TN:
SF:TestJS\History.js
FN:2,(anonymous_0)
FN:12,(anonymous_1)
FN:17,(anonymous_2)
FN:23,(anonymous_3)
FN:24,(anonymous_4)
FN:36,(anonymous_5)
FN:37,(anonymous_6)
FN:41,(anonymous_7)
FN:46,(anonymous_8)
FN:47,(anonymous_9)
FNF:10
FNH:0
FNDA:0,(anonymous_0)
FNDA:0,(anonymous_1)
FNDA:0,(anonymous_2)
FNDA:0,(anonymous_3)
FNDA:0,(anonymous_4)
FNDA:0,(anonymous_5)
FNDA:0,(anonymous_6)
FNDA:0,(anonymous_7)
FNDA:0,(anonymous_8)
FNDA:0,(anonymous_9)
DA:3,0
DA:4,0
DA:5,0
DA:6,0
DA:7,0
DA:13,0
DA:18,0
DA:19,0
DA:24,0
DA:25,0
DA:26,0
DA:27,0
DA:28,0
DA:29,0
DA:31,0
DA:37,0
DA:42,0
DA:47,0
LF:18
LH:0
BRDA:25,0,0,0
BRDA:25,0,1,0
BRF:2
BRH:0
end_of_record
TN:
SF:TestJS\Matching.js
FN:13,findBestMatch
FN:17,(anonymous_1)
FN:18,(anonymous_2)
FNF:3
FNH:3
FNDA:3,findBestMatch
FNDA:9,(anonymous_1)
FNDA:18,(anonymous_2)
DA:1,1
DA:6,1
DA:14,3
DA:15,3
DA:17,3
DA:18,18
DA:21,9
DA:22,2
DA:23,2
DA:27,3
DA:30,1
LF:11
LH:11
BRDA:21,0,0,2
BRDA:21,0,1,7
BRF:2
BRH:2
end_of_record
